"F:/Projects/UE/NoesisShooterGame/Content/Maps/SanctuaryLabel.uasset" 0
"F:/Projects/UE/NoesisShooterGame/Content/Maps/StartupLabel.uasset" 1
"../../../Engine/Content/EditorBlueprintResources/StandardMacros.uasset" 2
"F:/Projects/UE/NoesisShooterGame/Content/Fonts/Saira-Regular.uasset" 3
"F:/Projects/UE/NoesisShooterGame/Content/Fonts/Saira-SemiBold.uasset" 4
"F:/Projects/UE/NoesisShooterGame/Content/Fonts/Saira_Font.uasset" 5
"F:/Projects/UE/NoesisShooterGame/Content/Resources.uasset" 6
"F:/Projects/UE/NoesisShooterGame/Content/MenuResources.uasset" 7
"F:/Projects/UE/NoesisShooterGame/Content/GameMenu.uasset" 8
"F:/Projects/UE/NoesisShooterGame/Content/Noesis/ShooterInGameMenuWidget.uasset" 9
"F:/Projects/UE/NoesisShooterGame/Content/Noesis/WeaponInfo.uasset" 10
"F:/Projects/UE/NoesisShooterGame/Content/HUDResources.uasset" 11
"F:/Projects/UE/NoesisShooterGame/Content/HUD.uasset" 12
"F:/Projects/UE/NoesisShooterGame/Content/Noesis/DeathMessage.uasset" 13
"F:/Projects/UE/NoesisShooterGame/Content/Noesis/ShooterHUDWidget.uasset" 14
"F:/Projects/UE/NoesisShooterGame/Content/Blueprints/Noesis/ShooterPlayerController_Noesis.uasset" 15
"F:/Projects/UE/NoesisShooterGame/Content/Blueprints/Noesis/ShooterGame_TeamDeathmatch_Noesis.uasset" 16
"F:/Projects/UE/NoesisShooterGame/Content/Blueprints/Noesis/ShotterGame_FreeForAll_Noesis.uasset" 17
"../../../Engine/Content/EngineMeshes/Humanoid.uasset" 18
"F:/Projects/UE/NoesisShooterGame/Content/Characters/HeroFPP/HeroFPP_Skeleton.uasset" 19
"F:/Projects/UE/NoesisShooterGame/Content/Animations/FPP_Animations/FPP_LauncherAim.uasset" 20
"F:/Projects/UE/NoesisShooterGame/Content/Animations/FPP_Animations/FPP_LauncherIdle.uasset" 21
"F:/Projects/UE/NoesisShooterGame/Content/Sounds/FoleyBodyMoves/Stereo/FoleyBody_Land01_Stereo.uasset" 22
"F:/Projects/UE/NoesisShooterGame/Content/Sounds/FoleyBodyMoves/Stereo/FoleyBody_Land02_Stereo.uasset" 23
"F:/Projects/UE/NoesisShooterGame/Content/Sounds/FoleyBodyMoves/Stereo/FoleyBody_Land03_Stereo.uasset" 24
"F:/Projects/UE/NoesisShooterGame/Content/Sounds/FoleyBodyMoves/Stereo/FoleyBody_Land04_Stereo.uasset" 25
"F:/Projects/UE/NoesisShooterGame/Content/Sounds/FoleyBodyMoves/Stereo/FoleyBody_Land05_Stereo.uasset" 26
"F:/Projects/UE/NoesisShooterGame/Content/Sounds/SoundClassesAndMixes/Ambient.uasset" 27
"F:/Projects/UE/NoesisShooterGame/Content/Sounds/SoundClassesAndMixes/UIControllerSounds.uasset" 28
"F:/Projects/UE/NoesisShooterGame/Content/Sounds/SoundClassesAndMixes/UI.uasset" 29
"F:/Projects/UE/NoesisShooterGame/Content/Sounds/SoundClassesAndMixes/Master.uasset" 30
"F:/Projects/UE/NoesisShooterGame/Content/Sounds/SoundClassesAndMixes/PSM_DuckEnvironment.uasset" 31
"F:/Projects/UE/NoesisShooterGame/Content/Sounds/SoundClassesAndMixes/Weapons.uasset" 32
"F:/Projects/UE/NoesisShooterGame/Content/Sounds/SoundClassesAndMixes/SFX.uasset" 33
"F:/Projects/UE/NoesisShooterGame/Content/Sounds/SoundClassesAndMixes/Characters.uasset" 34
"F:/Projects/UE/NoesisShooterGame/Content/Sounds/FoleyBodyMoves/Stereo/FoleyBody_Land_Stereo_Cue.uasset" 35
"F:/Projects/UE/NoesisShooterGame/Content/Animations/FPP_Animations/FPP_LauncherJumpEnd.uasset" 36
"F:/Projects/UE/NoesisShooterGame/Content/Animations/FPP_Animations/FPP_LauncherJumpLoop.uasset" 37
"F:/Projects/UE/NoesisShooterGame/Content/Sounds/FoleyBodyMoves/Stereo/FoleyBody_BodyMove01_Stereo.uasset" 38
"F:/Projects/UE/NoesisShooterGame/Content/Sounds/FoleyBodyMoves/Stereo/FoleyBody_BodyMove02_Stereo.uasset" 39
"F:/Projects/UE/NoesisShooterGame/Content/Sounds/FoleyBodyMoves/Stereo/FoleyBody_BodyMove03_Stereo.uasset" 40
"F:/Projects/UE/NoesisShooterGame/Content/Sounds/FoleyBodyMoves/Stereo/FoleyBody_BodyMove04_Stereo.uasset" 41
"F:/Projects/UE/NoesisShooterGame/Content/Sounds/FoleyBodyMoves/Stereo/FoleyBody_BodyMove_Stereo_Cue.uasset" 42
"F:/Projects/UE/NoesisShooterGame/Content/Animations/FPP_Animations/FPP_LauncherJumpStart.uasset" 43
"F:/Projects/UE/NoesisShooterGame/Content/Sounds/Footsteps/Stereo/Footstep_Generic01_Stereo.uasset" 44
"F:/Projects/UE/NoesisShooterGame/Content/Sounds/Footsteps/Stereo/Footstep_Generic02_Stereo.uasset" 45
"F:/Projects/UE/NoesisShooterGame/Content/Sounds/Footsteps/Stereo/Footstep_Generic03_Stereo.uasset" 46
"F:/Projects/UE/NoesisShooterGame/Content/Sounds/Footsteps/Stereo/Footstep_Generic04_Stereo.uasset" 47
"F:/Projects/UE/NoesisShooterGame/Content/Sounds/Footsteps/Stereo/Footstep_Generic05_Stereo.uasset" 48
"F:/Projects/UE/NoesisShooterGame/Content/Sounds/Footsteps/Stereo/Footstep_Generic06_Stereo.uasset" 49
"F:/Projects/UE/NoesisShooterGame/Content/Sounds/Footsteps/Stereo/Footstep_Generic07_Stereo.uasset" 50
"F:/Projects/UE/NoesisShooterGame/Content/Sounds/Footsteps/Stereo/Footstep_Generic08_Stereo.uasset" 51
"F:/Projects/UE/NoesisShooterGame/Content/Sounds/Footsteps/Stereo/Footstep_Generic09_Stereo.uasset" 52
"F:/Projects/UE/NoesisShooterGame/Content/Sounds/Footsteps/Stereo/Footstep_Generic10_Stereo.uasset" 53
"F:/Projects/UE/NoesisShooterGame/Content/Sounds/Footsteps/Stereo/Footstep_Generic11_Stereo.uasset" 54
"F:/Projects/UE/NoesisShooterGame/Content/Sounds/Footsteps/Stereo/Footstep_Generic12_Stereo.uasset" 55
"F:/Projects/UE/NoesisShooterGame/Content/Sounds/Footsteps/Stereo/Footsteps_Generic_Stereo_Cue.uasset" 56
"F:/Projects/UE/NoesisShooterGame/Content/Animations/FPP_Animations/FPP_LauncherRoadieRun.uasset" 57
"F:/Projects/UE/NoesisShooterGame/Content/Animations/FPP_Animations/FPP_LauncherRun.uasset" 58
"F:/Projects/UE/NoesisShooterGame/Content/Animations/FPP_Animations/FPP_RifleAim.uasset" 59
"F:/Projects/UE/NoesisShooterGame/Content/Animations/FPP_Animations/FPP_RifleIdle.uasset" 60
"F:/Projects/UE/NoesisShooterGame/Content/Animations/FPP_Animations/FPP_RifleJumpEnd.uasset" 61
"F:/Projects/UE/NoesisShooterGame/Content/Animations/FPP_Animations/FPP_RifleJumpLoop.uasset" 62
"F:/Projects/UE/NoesisShooterGame/Content/Animations/FPP_Animations/FPP_RifleJumpStart.uasset" 63
"F:/Projects/UE/NoesisShooterGame/Content/Animations/FPP_Animations/FPP_RifleRoadieRun.uasset" 64
"F:/Projects/UE/NoesisShooterGame/Content/Animations/FPP_Animations/FPP_RifleRun.uasset" 65
"F:/Projects/UE/NoesisShooterGame/Content/Characters/HeroFPP/HeroFPP_AnimationBlueprint.uasset" 66
"F:/Projects/UE/NoesisShooterGame/Content/Characters/HeroTPP/HeroTPP_Skeleton.uasset" 67
"F:/Projects/UE/NoesisShooterGame/Content/Sounds/FoleyBodyMoves/Mono/FoleyBody_BodyMove01.uasset" 68
"F:/Projects/UE/NoesisShooterGame/Content/Sounds/FoleyBodyMoves/Mono/FoleyBody_BodyMove02.uasset" 69
"F:/Projects/UE/NoesisShooterGame/Content/Sounds/FoleyBodyMoves/Mono/FoleyBody_BodyMove03.uasset" 70
"F:/Projects/UE/NoesisShooterGame/Content/Sounds/FoleyBodyMoves/Mono/FoleyBody_BodyMove04.uasset" 71
"F:/Projects/UE/NoesisShooterGame/Content/Sounds/FoleyBodyMoves/Mono/FoleyBody_BodyMove_Cue.uasset" 72
"F:/Projects/UE/NoesisShooterGame/Content/Sounds/Weapon_AssaultRifle/Mono/Weapon_AssaultRifle_Swap01.uasset" 73
"F:/Projects/UE/NoesisShooterGame/Content/Sounds/Weapon_AssaultRifle/Mono/Weapon_AssaultRifle_Swap02.uasset" 74
"F:/Projects/UE/NoesisShooterGame/Content/Sounds/Weapon_AssaultRifle/Mono/Weapon_AssaultRifle_Swap03.uasset" 75
"F:/Projects/UE/NoesisShooterGame/Content/Sounds/Weapon_AssaultRifle/Mono/AssaultRifle_Equip_Cue.uasset" 76
"F:/Projects/UE/NoesisShooterGame/Content/Animations/TTP_Animations/Equip.uasset" 77
"F:/Projects/UE/NoesisShooterGame/Content/Sounds/FoleyBodyMoves/Mono/FoleyBody_Land02.uasset" 78
"F:/Projects/UE/NoesisShooterGame/Content/Sounds/FoleyBodyMoves/Mono/FoleyBody_Land03.uasset" 79
"F:/Projects/UE/NoesisShooterGame/Content/Sounds/FoleyBodyMoves/Mono/FoleyBody_Land04.uasset" 80
"F:/Projects/UE/NoesisShooterGame/Content/Sounds/FoleyBodyMoves/Mono/FoleyBody_Land05.uasset" 81
"F:/Projects/UE/NoesisShooterGame/Content/Sounds/FoleyBodyMoves/Mono/FoleyBody_Land_Cue.uasset" 82
"F:/Projects/UE/NoesisShooterGame/Content/Animations/TTP_Animations/JumpEnd.uasset" 83
"F:/Projects/UE/NoesisShooterGame/Content/Animations/TTP_Animations/JumpLoop.uasset" 84
"F:/Projects/UE/NoesisShooterGame/Content/Animations/TTP_Animations/JumpStart.uasset" 85
"F:/Projects/UE/NoesisShooterGame/Content/Sounds/Footsteps/Mono/Footstep_Generic01.uasset" 86
"F:/Projects/UE/NoesisShooterGame/Content/Sounds/Footsteps/Mono/Footstep_Generic02.uasset" 87
"F:/Projects/UE/NoesisShooterGame/Content/Sounds/Footsteps/Mono/Footstep_Generic03.uasset" 88
"F:/Projects/UE/NoesisShooterGame/Content/Sounds/Footsteps/Mono/Footstep_Generic04.uasset" 89
"F:/Projects/UE/NoesisShooterGame/Content/Sounds/Footsteps/Mono/Footstep_Generic05.uasset" 90
"F:/Projects/UE/NoesisShooterGame/Content/Sounds/Footsteps/Mono/Footstep_Generic06.uasset" 91
"F:/Projects/UE/NoesisShooterGame/Content/Sounds/Footsteps/Mono/Footstep_Generic07.uasset" 92
"F:/Projects/UE/NoesisShooterGame/Content/Sounds/Footsteps/Mono/Footstep_Generic08.uasset" 93
"F:/Projects/UE/NoesisShooterGame/Content/Sounds/Footsteps/Mono/Footstep_Generic09.uasset" 94
"F:/Projects/UE/NoesisShooterGame/Content/Sounds/Footsteps/Mono/Footstep_Generic10.uasset" 95
"F:/Projects/UE/NoesisShooterGame/Content/Sounds/Footsteps/Mono/Footstep_Generic11.uasset" 96
"F:/Projects/UE/NoesisShooterGame/Content/Sounds/Footsteps/Mono/Footstep_Generic12.uasset" 97
"F:/Projects/UE/NoesisShooterGame/Content/Sounds/Footsteps/Mono/Footsteps_Generic_Cue.uasset" 98
"F:/Projects/UE/NoesisShooterGame/Content/Animations/TTP_Animations/RoadieRun_Fwd.uasset" 99
"F:/Projects/UE/NoesisShooterGame/Content/Animations/TTP_Animations/Idle.uasset" 100
"F:/Projects/UE/NoesisShooterGame/Content/Animations/TTP_Animations/AimOffsetDown.uasset" 101
"F:/Projects/UE/NoesisShooterGame/Content/Animations/TTP_Animations/AimOffsetFwd.uasset" 102
"F:/Projects/UE/NoesisShooterGame/Content/Animations/TTP_Animations/AimOffsetLeft.uasset" 103
"F:/Projects/UE/NoesisShooterGame/Content/Animations/TTP_Animations/AimOffsetLeftDown.uasset" 104
"F:/Projects/UE/NoesisShooterGame/Content/Animations/TTP_Animations/AimOffsetLeftUp.uasset" 105
"F:/Projects/UE/NoesisShooterGame/Content/Animations/TTP_Animations/AimOffsetRight.uasset" 106
"F:/Projects/UE/NoesisShooterGame/Content/Animations/TTP_Animations/AimOffsetRightDown.uasset" 107
"F:/Projects/UE/NoesisShooterGame/Content/Animations/TTP_Animations/AimOffsetRightUp.uasset" 108
"F:/Projects/UE/NoesisShooterGame/Content/Animations/TTP_Animations/AimOffsetUp.uasset" 109
"F:/Projects/UE/NoesisShooterGame/Content/Characters/HeroTPP/HeroTPP_AimOffsets.uasset" 110
"F:/Projects/UE/NoesisShooterGame/Content/Animations/TTP_Animations/Run_Bwd.uasset" 111
"F:/Projects/UE/NoesisShooterGame/Content/Animations/TTP_Animations/Run_Fwd.uasset" 112
"F:/Projects/UE/NoesisShooterGame/Content/Animations/TTP_Animations/Run_Lt.uasset" 113
"F:/Projects/UE/NoesisShooterGame/Content/Animations/TTP_Animations/Run_Rt.uasset" 114
"F:/Projects/UE/NoesisShooterGame/Content/Characters/HeroTPP/RunTPP.uasset" 115
"F:/Projects/UE/NoesisShooterGame/Content/Characters/HeroTPP/HeroTPP_AnimBlueprint.uasset" 116
"F:/Projects/UE/NoesisShooterGame/Content/Sounds/FoleyBodyMoves/Mono/FoleyBody_Fall01.uasset" 117
"F:/Projects/UE/NoesisShooterGame/Content/Sounds/FoleyBodyMoves/Mono/FoleyBody_Fall02.uasset" 118
"F:/Projects/UE/NoesisShooterGame/Content/Sounds/FoleyBodyMoves/Mono/FoleyBody_Fall03.uasset" 119
"F:/Projects/UE/NoesisShooterGame/Content/Sounds/FoleyBodyMoves/Mono/FoleyBody_Fall04.uasset" 120
"F:/Projects/UE/NoesisShooterGame/Content/Sounds/FoleyBodyMoves/Mono/FoleyBody_Fall_Cue.uasset" 121
"F:/Projects/UE/NoesisShooterGame/Content/Sounds/FoleyFlesh/Mono/FoleyFlesh_Gib01.uasset" 122
"F:/Projects/UE/NoesisShooterGame/Content/Sounds/FoleyFlesh/Mono/FoleyFlesh_Gib02.uasset" 123
"F:/Projects/UE/NoesisShooterGame/Content/Sounds/FoleyFlesh/Mono/FoleyFlesh_Gib03.uasset" 124
"F:/Projects/UE/NoesisShooterGame/Content/Sounds/FoleyFlesh/Mono/FoleyFlesh_Gib04.uasset" 125
"F:/Projects/UE/NoesisShooterGame/Content/Sounds/FoleyFlesh/Mono/FoleyFlesh_Gib05.uasset" 126
"F:/Projects/UE/NoesisShooterGame/Content/Sounds/FoleyFlesh/Mono/FoleyFlesh_Gib06.uasset" 127
"F:/Projects/UE/NoesisShooterGame/Content/Sounds/FoleyFlesh/Stereo/FoleyFlesh_Gib01_Stereo.uasset" 128
"F:/Projects/UE/NoesisShooterGame/Content/Sounds/FoleyFlesh/Stereo/FoleyFlesh_Gib02_Stereo.uasset" 129
"F:/Projects/UE/NoesisShooterGame/Content/Sounds/FoleyFlesh/Stereo/FoleyFlesh_Gib03_Stereo.uasset" 130
"F:/Projects/UE/NoesisShooterGame/Content/Sounds/FoleyFlesh/Stereo/FoleyFlesh_Gib04_Stereo.uasset" 131
"F:/Projects/UE/NoesisShooterGame/Content/Sounds/FoleyFlesh/Stereo/FoleyFlesh_Gib05_Stereo.uasset" 132
"F:/Projects/UE/NoesisShooterGame/Content/Sounds/FoleyFlesh/Stereo/FoleyFlesh_Gib06_Stereo.uasset" 133
"F:/Projects/UE/NoesisShooterGame/Content/Sounds/FoleyFlesh/Mono/FoleyFlesh_Gib_Cue.uasset" 134
"F:/Projects/UE/NoesisShooterGame/Content/Animations/TTP_Animations/Death.uasset" 135
"F:/Projects/UE/NoesisShooterGame/Content/Characters/HeroTPP/HeroTPP_Death.uasset" 136
"F:/Projects/UE/NoesisShooterGame/Content/Blueprints/Pawns/BotBlackboard.uasset" 137
"F:/Projects/UE/NoesisShooterGame/Content/Blueprints/Pawns/BotSearchEnemyLOS.uasset" 138
"F:/Projects/UE/NoesisShooterGame/Content/Blueprints/Pawns/BotShootEnemy.uasset" 139
"F:/Projects/UE/NoesisShooterGame/Content/Blueprints/TaskAlwaysTrue.uasset" 140
"F:/Projects/UE/NoesisShooterGame/Content/Blueprints/Pawns/BotBehavior.uasset" 141
"F:/Projects/UE/NoesisShooterGame/Content/Sounds/FoleyBodyMoves/Stereo/FoleyBody_HandSwipe01_Stereo.uasset" 142
"F:/Projects/UE/NoesisShooterGame/Content/Sounds/FoleyBodyMoves/Stereo/FoleyBody_HandSwipe02_Stereo.uasset" 143
"F:/Projects/UE/NoesisShooterGame/Content/Sounds/FoleyBodyMoves/Stereo/FoleyBody_HandSwipe03_Stereo.uasset" 144
"F:/Projects/UE/NoesisShooterGame/Content/Sounds/FoleyBodyMoves/Stereo/FoleyBody_HandSwipe04_Stereo.uasset" 145
"F:/Projects/UE/NoesisShooterGame/Content/Sounds/FoleyBodyMoves/Stereo/FoleyBody_HandSwipe_Stereo_Cue.uasset" 146
"F:/Projects/UE/NoesisShooterGame/Content/Sounds/Weapon_AssaultRifle/Stereo/Weapon_AssaultRifle_Swap01_Stereo.uasset" 147
"F:/Projects/UE/NoesisShooterGame/Content/Sounds/Weapon_AssaultRifle/Stereo/Weapon_AssaultRifle_Swap02_Stereo.uasset" 148
"F:/Projects/UE/NoesisShooterGame/Content/Sounds/Weapon_AssaultRifle/Stereo/Weapon_AssaultRifle_Swap03_Stereo.uasset" 149
"F:/Projects/UE/NoesisShooterGame/Content/Sounds/Weapon_AssaultRifle/Stereo/AssaultRifle_Equip_Stereo_Cue.uasset" 150
"F:/Projects/UE/NoesisShooterGame/Content/Animations/FPP_Animations/FPP_RifleEquip.uasset" 151
"F:/Projects/UE/NoesisShooterGame/Content/Animations/FPP_Animations/HeroFPP_RifleEquip_Montage.uasset" 152
"F:/Projects/UE/NoesisShooterGame/Content/Sounds/Weapon_AssaultRifle/Stereo/Weapon_AssaultRifle_Reload01_Stereo.uasset" 153
"F:/Projects/UE/NoesisShooterGame/Content/Sounds/Weapon_AssaultRifle/Stereo/Weapon_AssaultRifle_Reload02_Stereo.uasset" 154
"F:/Projects/UE/NoesisShooterGame/Content/Sounds/Weapon_AssaultRifle/Stereo/Weapon_AssaultRifle_Reload03_Stereo.uasset" 155
"F:/Projects/UE/NoesisShooterGame/Content/Sounds/Weapon_AssaultRifle/Stereo/AssaultRifle_Reload_Stereo_Cue.uasset" 156
"F:/Projects/UE/NoesisShooterGame/Content/Animations/FPP_Animations/FPP_RifleReload.uasset" 157
"F:/Projects/UE/NoesisShooterGame/Content/Animations/FPP_Animations/HeroFPP_RifleReload_Montage.uasset" 158
"F:/Projects/UE/NoesisShooterGame/Content/Animations/FPP_Animations/FPP_RifleAimFire.uasset" 159
"F:/Projects/UE/NoesisShooterGame/Content/Animations/FPP_Animations/FPP_RifleFire.uasset" 160
"F:/Projects/UE/NoesisShooterGame/Content/Animations/FPP_Animations/HerroFPP_RifleFire_Montage.uasset" 161
"F:/Projects/UE/NoesisShooterGame/Content/Characters/HeroTPP/HeroTPP_Equip.uasset" 162
"F:/Projects/UE/NoesisShooterGame/Content/Sounds/FoleyBodyMoves/Mono/FoleyBody_HandSwipe01.uasset" 163
"F:/Projects/UE/NoesisShooterGame/Content/Sounds/FoleyBodyMoves/Mono/FoleyBody_HandSwipe02.uasset" 164
"F:/Projects/UE/NoesisShooterGame/Content/Sounds/FoleyBodyMoves/Mono/FoleyBody_HandSwipe03.uasset" 165
"F:/Projects/UE/NoesisShooterGame/Content/Sounds/FoleyBodyMoves/Mono/FoleyBody_HandSwipe04.uasset" 166
"F:/Projects/UE/NoesisShooterGame/Content/Sounds/FoleyBodyMoves/Mono/FoleyBody_HandSwipe_Cue.uasset" 167
"F:/Projects/UE/NoesisShooterGame/Content/Sounds/Weapon_AssaultRifle/Mono/Weapon_AssaultRifle_Reload01.uasset" 168
"F:/Projects/UE/NoesisShooterGame/Content/Sounds/Weapon_AssaultRifle/Mono/Weapon_AssaultRifle_Reload02.uasset" 169
"F:/Projects/UE/NoesisShooterGame/Content/Sounds/Weapon_AssaultRifle/Mono/Weapon_AssaultRifle_Reload03.uasset" 170
"F:/Projects/UE/NoesisShooterGame/Content/Sounds/Weapon_AssaultRifle/Mono/AssaultRifle_Reload_Cue.uasset" 171
"F:/Projects/UE/NoesisShooterGame/Content/Animations/TTP_Animations/Reload.uasset" 172
"F:/Projects/UE/NoesisShooterGame/Content/Characters/HeroTPP/HeroTTP_RifleReload.uasset" 173
"F:/Projects/UE/NoesisShooterGame/Content/Blueprints/Weapons/WeapGun_FireCameraShake.uasset" 174
"F:/Projects/UE/NoesisShooterGame/Content/Effects/Textures/Water/distortion_01.uasset" 175
"F:/Projects/UE/NoesisShooterGame/Content/Effects/Textures/Weapon/T_bullet_hole_2.uasset" 176
"F:/Projects/UE/NoesisShooterGame/Content/Effects/Materials/Weapon/M_Impact_Decal.uasset" 177
"F:/Projects/UE/NoesisShooterGame/Content/Effects/Textures/T_blood_various.uasset" 178
"F:/Projects/UE/NoesisShooterGame/Content/Effects/Textures/T_blood_various_N.uasset" 179
"F:/Projects/UE/NoesisShooterGame/Content/Effects/Materials/Gameplay/M_impact_splash_subUV.uasset" 180
"F:/Projects/UE/NoesisShooterGame/Content/Effects/ParticleSystems/Gameplay/Player/P_body_bullet_impact.uasset" 181
"F:/Projects/UE/NoesisShooterGame/Content/Effects/Textures/LensFlare/Flare_02.uasset" 182
"F:/Projects/UE/NoesisShooterGame/Content/Effects/Materials/LensFlare/M_LensFlare_02.uasset" 183
"F:/Projects/UE/NoesisShooterGame/Content/Effects/Materials/Ramp/M_radial_ramp_soft.uasset" 184
"F:/Projects/UE/NoesisShooterGame/Content/Effects/Textures/Smoke/T_Clouds_01.uasset" 185
"F:/Projects/UE/NoesisShooterGame/Content/Effects/Textures/Smoke/T_SmokeBall_01_8_8.uasset" 186
"F:/Projects/UE/NoesisShooterGame/Content/Effects/Materials/Smoke/M_ImpactSmoke.uasset" 187
"F:/Projects/UE/NoesisShooterGame/Content/Effects/Textures/Water/T_Steam_02_Packed.uasset" 188
"F:/Projects/UE/NoesisShooterGame/Content/Effects/Materials/Smoke/M_MuzzleSmokeDetail_GPU.uasset" 189
"F:/Projects/UE/NoesisShooterGame/Content/Effects/Textures/Spark/T_SparkCore_2X2.uasset" 190
"F:/Projects/UE/NoesisShooterGame/Content/Effects/Materials/spark/M_spark_subUV.uasset" 191
"F:/Projects/UE/NoesisShooterGame/Content/Effects/ParticleSystems/Weapons/AssaultRifle/Impacts/P_AssaultRifle_IH.uasset" 192
"F:/Projects/UE/NoesisShooterGame/Content/Sounds/FoleyFlesh/Mono/FoleyFlesh_Impact02.uasset" 193
"F:/Projects/UE/NoesisShooterGame/Content/Sounds/FoleyFlesh/Mono/FoleyFlesh_Impact03.uasset" 194
"F:/Projects/UE/NoesisShooterGame/Content/Sounds/FoleyFlesh/Mono/FoleyFlesh_Impact04.uasset" 195
"F:/Projects/UE/NoesisShooterGame/Content/Sounds/FoleyFlesh/Mono/FoleyFlesh_Impact05.uasset" 196
"F:/Projects/UE/NoesisShooterGame/Content/Sounds/FoleyFlesh/Mono/FoleyFlesh_Impact06.uasset" 197
"F:/Projects/UE/NoesisShooterGame/Content/Sounds/FoleyFlesh/Mono/FoleyFlesh_Impact07.uasset" 198
"F:/Projects/UE/NoesisShooterGame/Content/Sounds/FoleyFlesh/Mono/FoleyFlesh_Impact08.uasset" 199
"F:/Projects/UE/NoesisShooterGame/Content/Sounds/FoleyFlesh/Stereo/FoleyFlesh_Impact01_Stereo.uasset" 200
"F:/Projects/UE/NoesisShooterGame/Content/Sounds/FoleyFlesh/Stereo/FoleyFlesh_Impact02_Stereo.uasset" 201
"F:/Projects/UE/NoesisShooterGame/Content/Sounds/FoleyFlesh/Stereo/FoleyFlesh_Impact03_Stereo.uasset" 202
"F:/Projects/UE/NoesisShooterGame/Content/Sounds/FoleyFlesh/Stereo/FoleyFlesh_Impact04_Stereo.uasset" 203
"F:/Projects/UE/NoesisShooterGame/Content/Sounds/FoleyFlesh/Stereo/FoleyFlesh_Impact05_Stereo.uasset" 204
"F:/Projects/UE/NoesisShooterGame/Content/Sounds/FoleyFlesh/Stereo/FoleyFlesh_Impact06_Stereo.uasset" 205
"F:/Projects/UE/NoesisShooterGame/Content/Sounds/FoleyFlesh/Stereo/FoleyFlesh_Impact07_Stereo.uasset" 206
"F:/Projects/UE/NoesisShooterGame/Content/Sounds/FoleyFlesh/Stereo/FoleyFlesh_Impact08_Stereo.uasset" 207
"F:/Projects/UE/NoesisShooterGame/Content/Sounds/FoleyFlesh/Mono/FoleyFlesh_Impact_Cue.uasset" 208
"F:/Projects/UE/NoesisShooterGame/Content/Sounds/Weapon_AssaultRifle/Mono/Weapon_AssaultRifle_ImpactConcrete01.uasset" 209
"F:/Projects/UE/NoesisShooterGame/Content/Sounds/Weapon_AssaultRifle/Mono/Weapon_AssaultRifle_ImpactConcrete02.uasset" 210
"F:/Projects/UE/NoesisShooterGame/Content/Sounds/Weapon_AssaultRifle/Mono/Weapon_AssaultRifle_ImpactConcrete03.uasset" 211
"F:/Projects/UE/NoesisShooterGame/Content/Sounds/Weapon_AssaultRifle/Mono/Weapon_AssaultRifle_ImpactConcrete04.uasset" 212
"F:/Projects/UE/NoesisShooterGame/Content/Sounds/Weapon_AssaultRifle/Mono/Weapon_AssaultRifle_ImpactConcrete05.uasset" 213
"F:/Projects/UE/NoesisShooterGame/Content/Sounds/Weapon_AssaultRifle/Mono/Weapon_AssaultRifle_ImpactConcrete06.uasset" 214
"F:/Projects/UE/NoesisShooterGame/Content/Sounds/Weapon_AssaultRifle/Mono/AssaultRifle_ImpactConcrete_Cue.uasset" 215
"F:/Projects/UE/NoesisShooterGame/Content/Blueprints/Weapons/WeapGun_Impacts.uasset" 216
"F:/Projects/UE/NoesisShooterGame/Content/Effects/ForceFeedback/FFE_Damaged.uasset" 217
"F:/Projects/UE/NoesisShooterGame/Content/Effects/ForceFeedback/FFE_Killed.uasset" 218
"F:/Projects/UE/NoesisShooterGame/Content/UI/HUD/HUDMain.uasset" 219
"F:/Projects/UE/NoesisShooterGame/Content/DmgType_Instant.uasset" 220
"F:/Projects/UE/NoesisShooterGame/Content/Effects/ForceFeedback/FFE_Fire.uasset" 221
"F:/Projects/UE/NoesisShooterGame/Content/Effects/Textures/LensFlare/T_Lensflare_01.uasset" 222
"F:/Projects/UE/NoesisShooterGame/Content/Effects/Materials/LensFlare/M_Lensflare_01.uasset" 223
"../../../Engine/Content/Functions/Engine_MaterialFunctions01/Gradient/RadialGradient.uasset" 224
"F:/Projects/UE/NoesisShooterGame/Content/Effects/Materials/Ramp/M_SoftGradient_Muzzle.uasset" 225
"F:/Projects/UE/NoesisShooterGame/Content/Effects/Materials/Smoke/M_SmokeBall.uasset" 226
"F:/Projects/UE/NoesisShooterGame/Content/Effects/Textures/Weapon/T_muzzle_flashes.uasset" 227
"F:/Projects/UE/NoesisShooterGame/Content/Effects/Materials/Weapon/M_muzzle_flash_subUV.uasset" 228
"../../../Engine/Content/Functions/Engine_MaterialFunctions01/Gradient/LinearGradient.uasset" 229
"F:/Projects/UE/NoesisShooterGame/Content/Effects/Textures/Mask/T_SquareMaskTightEdge.uasset" 230
"F:/Projects/UE/NoesisShooterGame/Content/Effects/Textures/Noise/T_TileNoise.uasset" 231
"F:/Projects/UE/NoesisShooterGame/Content/Effects/Materials/Weapon/M_MuzzleGlow.uasset" 232
"F:/Projects/UE/NoesisShooterGame/Content/Effects/Meshes/Weapon/SM_MuzzleCone.uasset" 233
"F:/Projects/UE/NoesisShooterGame/Content/Effects/ParticleSystems/Weapons/AssaultRifle/Muzzle/P_AssaultRifle_MF.uasset" 234
"F:/Projects/UE/NoesisShooterGame/Content/Effects/Textures/Ramp/T_FX_CameraDistort.uasset" 235
"F:/Projects/UE/NoesisShooterGame/Content/Effects/Textures/Ramp/T_FX_ColorDistort.uasset" 236
"F:/Projects/UE/NoesisShooterGame/Content/Effects/Textures/Water/T_Caustics_2.uasset" 237
"F:/Projects/UE/NoesisShooterGame/Content/Effects/Materials/Weapon/M_WP_Linkgun_Connection.uasset" 238
"F:/Projects/UE/NoesisShooterGame/Content/Effects/Textures/Energy/T_EFX_Beam_Electricity_02.uasset" 239
"F:/Projects/UE/NoesisShooterGame/Content/Effects/Materials/Weapon/M_WP_ShockRifle_Panning_Beam.uasset" 240
"F:/Projects/UE/NoesisShooterGame/Content/Effects/ParticleSystems/Weapons/AssaultRifle/Muzzle/P_AssaultRifle_Trail.uasset" 241
"F:/Projects/UE/NoesisShooterGame/Content/Sounds/Weapon_AssaultRifle/Mono/AssaultRifle_Shot01.uasset" 242
"F:/Projects/UE/NoesisShooterGame/Content/Sounds/Weapon_AssaultRifle/Mono/AssaultRifle_Shot02.uasset" 243
"F:/Projects/UE/NoesisShooterGame/Content/Sounds/Weapon_AssaultRifle/Mono/AssaultRifle_Shot03.uasset" 244
"F:/Projects/UE/NoesisShooterGame/Content/Sounds/Weapon_AssaultRifle/Mono/AssaultRifle_Shot04.uasset" 245
"F:/Projects/UE/NoesisShooterGame/Content/Sounds/Weapon_AssaultRifle/Mono/AssaultRifle_Shot05.uasset" 246
"F:/Projects/UE/NoesisShooterGame/Content/Sounds/Weapon_AssaultRifle/Mono/AssaultRifle_Shot06.uasset" 247
"F:/Projects/UE/NoesisShooterGame/Content/Sounds/Weapon_AssaultRifle/Stereo/AssaultRifle_Shot01_Stereo.uasset" 248
"F:/Projects/UE/NoesisShooterGame/Content/Sounds/Weapon_AssaultRifle/Stereo/AssaultRifle_Shot02_Stereo.uasset" 249
"F:/Projects/UE/NoesisShooterGame/Content/Sounds/Weapon_AssaultRifle/Stereo/AssaultRifle_Shot03_Stereo.uasset" 250
"F:/Projects/UE/NoesisShooterGame/Content/Sounds/Weapon_AssaultRifle/Stereo/AssaultRifle_Shot04_Stereo.uasset" 251
"F:/Projects/UE/NoesisShooterGame/Content/Sounds/Weapon_AssaultRifle/Stereo/AssaultRifle_Shot05_Stereo.uasset" 252
"F:/Projects/UE/NoesisShooterGame/Content/Sounds/Weapon_AssaultRifle/Stereo/AssaultRifle_Shot06_Stereo.uasset" 253
"F:/Projects/UE/NoesisShooterGame/Content/Sounds/Weapon_AssaultRifle/Mono/AssaultRifle_Cue.uasset" 254
"F:/Projects/UE/NoesisShooterGame/Content/Sounds/Weapon_AssaultRifle/Mono/Weapon_AssaultRifle_Empty01.uasset" 255
"F:/Projects/UE/NoesisShooterGame/Content/Sounds/Weapon_AssaultRifle/Mono/Weapon_AssaultRifle_Empty02.uasset" 256
"F:/Projects/UE/NoesisShooterGame/Content/Sounds/Weapon_AssaultRifle/Mono/Weapon_AssaultRifle_Empty03.uasset" 257
"F:/Projects/UE/NoesisShooterGame/Content/Sounds/Weapon_AssaultRifle/Stereo/Weapon_AssaultRifle_Empty01_Stereo.uasset" 258
"F:/Projects/UE/NoesisShooterGame/Content/Sounds/Weapon_AssaultRifle/Stereo/Weapon_AssaultRifle_Empty02_Stereo.uasset" 259
"F:/Projects/UE/NoesisShooterGame/Content/Sounds/Weapon_AssaultRifle/Stereo/Weapon_AssaultRifle_Empty03_Stereo.uasset" 260
"F:/Projects/UE/NoesisShooterGame/Content/Sounds/Weapon_AssaultRifle/Mono/AssaultRifle_Empty_Cue.uasset" 261
"F:/Projects/UE/NoesisShooterGame/Content/Sounds/Weapon_AssaultRifle/Mono/AssaultRifle_ShotEnd01.uasset" 262
"F:/Projects/UE/NoesisShooterGame/Content/Sounds/Weapon_AssaultRifle/Mono/AssaultRifle_ShotEnd02.uasset" 263
"F:/Projects/UE/NoesisShooterGame/Content/Sounds/Weapon_AssaultRifle/Mono/AssaultRifle_ShotEnd03.uasset" 264
"F:/Projects/UE/NoesisShooterGame/Content/Sounds/Weapon_AssaultRifle/Mono/AssaultRifle_ShotEnd04.uasset" 265
"F:/Projects/UE/NoesisShooterGame/Content/Sounds/Weapon_AssaultRifle/Mono/AssaultRifle_ShotEnd05.uasset" 266
"F:/Projects/UE/NoesisShooterGame/Content/Sounds/Weapon_AssaultRifle/Mono/AssaultRifle_ShotEnd06.uasset" 267
"F:/Projects/UE/NoesisShooterGame/Content/Sounds/Weapon_AssaultRifle/Stereo/AssaultRifle_ShotEnd01_Stereo.uasset" 268
"F:/Projects/UE/NoesisShooterGame/Content/Sounds/Weapon_AssaultRifle/Stereo/AssaultRifle_ShotEnd02_Stereo.uasset" 269
"F:/Projects/UE/NoesisShooterGame/Content/Sounds/Weapon_AssaultRifle/Stereo/AssaultRifle_ShotEnd03_Stereo.uasset" 270
"F:/Projects/UE/NoesisShooterGame/Content/Sounds/Weapon_AssaultRifle/Stereo/AssaultRifle_ShotEnd04_Stereo.uasset" 271
"F:/Projects/UE/NoesisShooterGame/Content/Sounds/Weapon_AssaultRifle/Stereo/AssaultRifle_ShotEnd05_Stereo.uasset" 272
"F:/Projects/UE/NoesisShooterGame/Content/Sounds/Weapon_AssaultRifle/Stereo/AssaultRifle_ShotEnd06_Stereo.uasset" 273
"F:/Projects/UE/NoesisShooterGame/Content/Sounds/Weapon_AssaultRifle/Mono/AssaultRifle_ShotEnd_Cue.uasset" 274
"F:/Projects/UE/NoesisShooterGame/Content/Sounds/Weapon_AssaultRifle/Mono/AssaultRifle_ShotLoop01.uasset" 275
"F:/Projects/UE/NoesisShooterGame/Content/Sounds/Weapon_AssaultRifle/Mono/AssaultRifle_ShotLoop02.uasset" 276
"F:/Projects/UE/NoesisShooterGame/Content/Sounds/Weapon_AssaultRifle/Mono/AssaultRifle_ShotLoop03.uasset" 277
"F:/Projects/UE/NoesisShooterGame/Content/Sounds/Weapon_AssaultRifle/Stereo/AssaultRifle_ShotLoop01_Stereo.uasset" 278
"F:/Projects/UE/NoesisShooterGame/Content/Sounds/Weapon_AssaultRifle/Stereo/AssaultRifle_ShotLoop02_Stereo.uasset" 279
"F:/Projects/UE/NoesisShooterGame/Content/Sounds/Weapon_AssaultRifle/Stereo/AssaultRifle_ShotLoop03_Stereo.uasset" 280
"F:/Projects/UE/NoesisShooterGame/Content/Sounds/Weapon_AssaultRifle/Mono/AssaultRifle_ShotLoop_Cue.uasset" 281
"../../../Engine/Content/Functions/Engine_MaterialFunctions01/Texturing/FlattenNormal.uasset" 282
"../../../Engine/Content/Functions/Engine_MaterialFunctions02/Utility/BlendAngleCorrectedNormals.uasset" 283
"../../../Engine/Content/Functions/MaterialLayerFunctions/MatLayerBlend_BakedNormal.uasset" 284
"../../../Engine/Content/Functions/MaterialLayerFunctions/MatLayerBlend_Decal.uasset" 285
"../../../Engine/Content/Functions/MaterialLayerFunctions/MatLayerBlend_RoughnessOverride.uasset" 286
"../../../Engine/Content/Functions/MaterialLayerFunctions/MatLayerBlend_Standard.uasset" 287
"../../../Engine/Content/Functions/MaterialLayerFunctions/MatLayerBlend_TintAllChannels.uasset" 288
"F:/Projects/UE/NoesisShooterGame/Content/Weapons/MaterialLayers/ML_BoltMetal.uasset" 289
"F:/Projects/UE/NoesisShooterGame/Content/Characters/Textures/Chr_FPS_Metal_02.uasset" 290
"F:/Projects/UE/NoesisShooterGame/Content/Weapons/MaterialLayers/T_ExampleLayers_Metal02_N.uasset" 291
"F:/Projects/UE/NoesisShooterGame/Content/Weapons/MaterialLayers/ML_Metal_Copper.uasset" 292
"F:/Projects/UE/NoesisShooterGame/Content/Weapons/MaterialLayers/T_Metal_Metal02_D.uasset" 293
"F:/Projects/UE/NoesisShooterGame/Content/Weapons/MaterialLayers/ML_Metal_Gray.uasset" 294
"F:/Projects/UE/NoesisShooterGame/Content/Weapons/MaterialLayers/T_PaintedMetal01_N.uasset" 295
"F:/Projects/UE/NoesisShooterGame/Content/Weapons/MaterialLayers/T_PaintedMetal02.uasset" 296
"F:/Projects/UE/NoesisShooterGame/Content/Weapons/MaterialLayers/ML_Paint.uasset" 297
"F:/Projects/UE/NoesisShooterGame/Content/Weapons/MaterialLayers/T_Rubber.uasset" 298
"F:/Projects/UE/NoesisShooterGame/Content/Weapons/MaterialLayers/ML_Rubber.uasset" 299
"F:/Projects/UE/NoesisShooterGame/Content/Weapons/Textures/MagGun_01_N.uasset" 300
"F:/Projects/UE/NoesisShooterGame/Content/Weapons/Textures/MagGun_Decals.uasset" 301
"F:/Projects/UE/NoesisShooterGame/Content/Weapons/Textures/MagGunT1_section.uasset" 302
"F:/Projects/UE/NoesisShooterGame/Content/Weapons/Textures/MagGunT1_shade.uasset" 303
"F:/Projects/UE/NoesisShooterGame/Content/Weapons/Materials/MagGun_MatA.uasset" 304
"F:/Projects/UE/NoesisShooterGame/Content/Weapons/Materials/MagGun_MatA_Inst3.uasset" 305
"../../../Engine/Content/Functions/MaterialLayerFunctions/MatLayerBlend_Emissive.uasset" 306
"F:/Projects/UE/NoesisShooterGame/Content/Weapons/Textures/MagGun_02_N.uasset" 307
"F:/Projects/UE/NoesisShooterGame/Content/Weapons/Textures/MagGun_Display_EM.uasset" 308
"F:/Projects/UE/NoesisShooterGame/Content/Weapons/Textures/MagGunT2_section.uasset" 309
"F:/Projects/UE/NoesisShooterGame/Content/Weapons/Textures/MagGunT2_shade.uasset" 310
"F:/Projects/UE/NoesisShooterGame/Content/Weapons/Materials/MagGun_MatB.uasset" 311
"F:/Projects/UE/NoesisShooterGame/Content/Weapons/Materials/MagGun_MatB_Inst2.uasset" 312
"F:/Projects/UE/NoesisShooterGame/Content/Environment/Textures/holo_layer_1_5.uasset" 313
"F:/Projects/UE/NoesisShooterGame/Content/Weapons/Textures/SightLens_maskA.uasset" 314
"F:/Projects/UE/NoesisShooterGame/Content/Weapons/Textures/SightLens_maskB.uasset" 315
"F:/Projects/UE/NoesisShooterGame/Content/Weapons/Materials/MagGun_SightLens_Mat.uasset" 316
"F:/Projects/UE/NoesisShooterGame/Content/Weapons/Materials/MagGun_SightLens_Mat_Inst.uasset" 317
"F:/Projects/UE/NoesisShooterGame/Content/Weapons/Rifle_Skeleton.uasset" 318
"F:/Projects/UE/NoesisShooterGame/Content/Weapons/Rifle.uasset" 319
"F:/Projects/UE/NoesisShooterGame/Content/Blueprints/Weapons/WeapGun.uasset" 320
"F:/Projects/UE/NoesisShooterGame/Content/Sounds/Weapon_GrenadeLauncher/Stereo/Weapon_GrenadeLauncher_Swap01_Stereo.uasset" 321
"F:/Projects/UE/NoesisShooterGame/Content/Sounds/Weapon_GrenadeLauncher/Stereo/Weapon_GrenadeLauncher_Swap02_Stereo.uasset" 322
"F:/Projects/UE/NoesisShooterGame/Content/Sounds/Weapon_GrenadeLauncher/Stereo/Weapon_GrenadeLauncher_Swap03_Stereo.uasset" 323
"F:/Projects/UE/NoesisShooterGame/Content/Sounds/Weapon_GrenadeLauncher/Stereo/GrenadeLauncher_Equip_Stereo_Cue.uasset" 324
"F:/Projects/UE/NoesisShooterGame/Content/Animations/FPP_Animations/FPP_LauncherEquip.uasset" 325
"F:/Projects/UE/NoesisShooterGame/Content/Animations/FPP_Animations/HeroFPP_LauncherEquip_Montage.uasset" 326
"F:/Projects/UE/NoesisShooterGame/Content/Animations/FPP_Animations/FPP_LauncherAimFire.uasset" 327
"F:/Projects/UE/NoesisShooterGame/Content/Animations/FPP_Animations/FPP_LauncherFire.uasset" 328
"F:/Projects/UE/NoesisShooterGame/Content/Animations/FPP_Animations/HeroFPP_LauncherFire_Montage.uasset" 329
"F:/Projects/UE/NoesisShooterGame/Content/Sounds/Weapon_GrenadeLauncher/Stereo/Weapon_GrenadeLauncher_Reload01_Stereo.uasset" 330
"F:/Projects/UE/NoesisShooterGame/Content/Sounds/Weapon_GrenadeLauncher/Stereo/Weapon_GrenadeLauncher_Reload02_Stereo.uasset" 331
"F:/Projects/UE/NoesisShooterGame/Content/Sounds/Weapon_GrenadeLauncher/Stereo/Weapon_GrenadeLauncher_Reload03_Stereo.uasset" 332
"F:/Projects/UE/NoesisShooterGame/Content/Sounds/Weapon_GrenadeLauncher/Stereo/GenadeLauncher_Reload_Stereo_Cue.uasset" 333
"F:/Projects/UE/NoesisShooterGame/Content/Animations/FPP_Animations/FPP_LanucherReload.uasset" 334
"F:/Projects/UE/NoesisShooterGame/Content/Animations/FPP_Animations/HeroFPP_LauncherReload_Montage.uasset" 335
"F:/Projects/UE/NoesisShooterGame/Content/Animations/TTP_Animations/Launcher_Reload.uasset" 336
"F:/Projects/UE/NoesisShooterGame/Content/Characters/HeroTPP/HeroTTP_LauncherReload.uasset" 337
"F:/Projects/UE/NoesisShooterGame/Content/Effects/Textures/Energy/T_EFX_Energy_Arc_SubUV.uasset" 338
"F:/Projects/UE/NoesisShooterGame/Content/Effects/Materials/Energy/M_Electrical.uasset" 339
"F:/Projects/UE/NoesisShooterGame/Content/Effects/Textures/Energy/T_EFX_Energy_Loop_Free.uasset" 340
"F:/Projects/UE/NoesisShooterGame/Content/Effects/Materials/Energy/M_WP_ShockRifle_Ring.uasset" 341
"F:/Projects/UE/NoesisShooterGame/Content/Effects/Textures/fire/T_explo_SubUV.uasset" 342
"F:/Projects/UE/NoesisShooterGame/Content/Effects/Materials/Explosion/M_explosion_subUV.uasset" 343
"F:/Projects/UE/NoesisShooterGame/Content/Effects/ParticleSystems/Weapons/RocketLauncher/Impact/P_Launcher_IH.uasset" 344
"F:/Projects/UE/NoesisShooterGame/Content/Sounds/Weapon_GrenadeLauncher/Mono/GrenadeLauncher_Explosion01.uasset" 345
"F:/Projects/UE/NoesisShooterGame/Content/Sounds/Weapon_GrenadeLauncher/Mono/GrenadeLauncher_Explosion02.uasset" 346
"F:/Projects/UE/NoesisShooterGame/Content/Sounds/Weapon_GrenadeLauncher/Mono/GrenadeLauncher_Explosion03.uasset" 347
"F:/Projects/UE/NoesisShooterGame/Content/Sounds/Weapon_GrenadeLauncher/Mono/GrenadeLauncher_Explosion04.uasset" 348
"F:/Projects/UE/NoesisShooterGame/Content/Sounds/Weapon_GrenadeLauncher/Stereo/Weapon_GrenadeLauncher_Explosion01_Stereo.uasset" 349
"F:/Projects/UE/NoesisShooterGame/Content/Sounds/Weapon_GrenadeLauncher/Stereo/Weapon_GrenadeLauncher_Explosion02_Stereo.uasset" 350
"F:/Projects/UE/NoesisShooterGame/Content/Sounds/Weapon_GrenadeLauncher/Stereo/Weapon_GrenadeLauncher_Explosion03_Stereo.uasset" 351
"F:/Projects/UE/NoesisShooterGame/Content/Sounds/Weapon_GrenadeLauncher/Stereo/Weapon_GrenadeLauncher_Explosion04_Stereo.uasset" 352
"F:/Projects/UE/NoesisShooterGame/Content/Sounds/Weapon_GrenadeLauncher/Mono/GrenadeLauncher_Explosion_Cue.uasset" 353
"F:/Projects/UE/NoesisShooterGame/Content/Blueprints/Weapons/ProjRocket_Explosion.uasset" 354
"F:/Projects/UE/NoesisShooterGame/Content/Effects/ParticleSystems/Weapons/RocketLauncher/Muzzle/P_Launcher_proj.uasset" 355
"F:/Projects/UE/NoesisShooterGame/Content/Sounds/Weapon_GrenadeLauncher/Mono/GrenadeLauncher_ProjectileLoop.uasset" 356
"F:/Projects/UE/NoesisShooterGame/Content/Sounds/Weapon_GrenadeLauncher/Stereo/GrenadeLauncher_ProjectileLoop_Stereo.uasset" 357
"F:/Projects/UE/NoesisShooterGame/Content/Sounds/Weapon_GrenadeLauncher/Mono/GrenadeLauncher_ProjectileLoop_Cue.uasset" 358
"F:/Projects/UE/NoesisShooterGame/Content/Blueprints/Weapons/ProjRocket.uasset" 359
"F:/Projects/UE/NoesisShooterGame/Content/Blueprints/Weapons/WeapLauncher_FireCameraShake.uasset" 360
"F:/Projects/UE/NoesisShooterGame/Content/DmgType_Explosion.uasset" 361
"F:/Projects/UE/NoesisShooterGame/Content/Effects/Textures/Noise/T_FX_RoilingFlameModulate.uasset" 362
"F:/Projects/UE/NoesisShooterGame/Content/Effects/Textures/Weapon/T_Coil.uasset" 363
"F:/Projects/UE/NoesisShooterGame/Content/Effects/Materials/Weapon/M_WP_LinkGun_MF_3_new.uasset" 364
"F:/Projects/UE/NoesisShooterGame/Content/Effects/ParticleSystems/Weapons/RocketLauncher/Muzzle/P_Launcher_MF.uasset" 365
"F:/Projects/UE/NoesisShooterGame/Content/Sounds/Weapon_GrenadeLauncher/Mono/GrenadeLauncher_Shot01.uasset" 366
"F:/Projects/UE/NoesisShooterGame/Content/Sounds/Weapon_GrenadeLauncher/Mono/GrenadeLauncher_Shot02.uasset" 367
"F:/Projects/UE/NoesisShooterGame/Content/Sounds/Weapon_GrenadeLauncher/Mono/GrenadeLauncher_Shot03.uasset" 368
"F:/Projects/UE/NoesisShooterGame/Content/Sounds/Weapon_GrenadeLauncher/Mono/GrenadeLauncher_Shot04.uasset" 369
"F:/Projects/UE/NoesisShooterGame/Content/Sounds/Weapon_GrenadeLauncher/Stereo/GrenadeLauncher_Shot01_Stereo.uasset" 370
"F:/Projects/UE/NoesisShooterGame/Content/Sounds/Weapon_GrenadeLauncher/Stereo/GrenadeLauncher_Shot02_Stereo.uasset" 371
"F:/Projects/UE/NoesisShooterGame/Content/Sounds/Weapon_GrenadeLauncher/Stereo/GrenadeLauncher_Shot03_Stereo.uasset" 372
"F:/Projects/UE/NoesisShooterGame/Content/Sounds/Weapon_GrenadeLauncher/Stereo/GrenadeLauncher_Shot04_Stereo.uasset" 373
"F:/Projects/UE/NoesisShooterGame/Content/Sounds/Weapon_GrenadeLauncher/Mono/GrenadeLauncher_Shot_Cue.uasset" 374
"F:/Projects/UE/NoesisShooterGame/Content/Weapons/Textures/Launcher_01_N.uasset" 375
"F:/Projects/UE/NoesisShooterGame/Content/Weapons/Textures/LauncherT1_section.uasset" 376
"F:/Projects/UE/NoesisShooterGame/Content/Weapons/Textures/LauncherT1_shade.uasset" 377
"F:/Projects/UE/NoesisShooterGame/Content/Weapons/Materials/Launcher_MatA.uasset" 378
"F:/Projects/UE/NoesisShooterGame/Content/Weapons/Materials/Launcher_MatA_Inst.uasset" 379
"F:/Projects/UE/NoesisShooterGame/Content/Weapons/Textures/Launcher_02_N.uasset" 380
"F:/Projects/UE/NoesisShooterGame/Content/Weapons/Textures/LauncherT2_section.uasset" 381
"F:/Projects/UE/NoesisShooterGame/Content/Weapons/Textures/LauncherT2_shade.uasset" 382
"F:/Projects/UE/NoesisShooterGame/Content/Weapons/Materials/Launcher_MatB.uasset" 383
"F:/Projects/UE/NoesisShooterGame/Content/Weapons/Materials/Launcher_MatB_Inst.uasset" 384
"F:/Projects/UE/NoesisShooterGame/Content/Weapons/Launcher_Skeleton.uasset" 385
"F:/Projects/UE/NoesisShooterGame/Content/Weapons/Launcher.uasset" 386
"F:/Projects/UE/NoesisShooterGame/Content/Blueprints/Weapons/WeapLauncher.uasset" 387
"F:/Projects/UE/NoesisShooterGame/Content/Characters/Textures/Chr_FPS_D.uasset" 388
"F:/Projects/UE/NoesisShooterGame/Content/Environment/Textures/T_Vista_Grass_N.uasset" 389
"F:/Projects/UE/NoesisShooterGame/Content/Characters/Materials/ML_Base.uasset" 390
"F:/Projects/UE/NoesisShooterGame/Content/Characters/Textures/Chr_FPS_02_M.uasset" 391
"F:/Projects/UE/NoesisShooterGame/Content/Characters/Textures/Chr_FPS_M.uasset" 392
"F:/Projects/UE/NoesisShooterGame/Content/Characters/Materials/ML_Emissive_Custom.uasset" 393
"F:/Projects/UE/NoesisShooterGame/Content/Characters/Textures/Tiles/T_Sctraches_01.uasset" 394
"F:/Projects/UE/NoesisShooterGame/Content/Characters/Materials/ML_Glass.uasset" 395
"F:/Projects/UE/NoesisShooterGame/Content/Characters/Materials/ML_Metal_light.uasset" 396
"F:/Projects/UE/NoesisShooterGame/Content/Characters/Textures/Chr_FPS_Metal_01.uasset" 397
"F:/Projects/UE/NoesisShooterGame/Content/Characters/Materials/ML_Metal_Painted.uasset" 398
"F:/Projects/UE/NoesisShooterGame/Content/Characters/Materials/ML_Rubber_dark.uasset" 399
"F:/Projects/UE/NoesisShooterGame/Content/Characters/Textures/Chr_FPS_Fabric_N_01.uasset" 400
"F:/Projects/UE/NoesisShooterGame/Content/Characters/Materials/ML_Rubber_light.uasset" 401
"F:/Projects/UE/NoesisShooterGame/Content/Characters/Textures/Chr_FPS_M_03tga.uasset" 402
"F:/Projects/UE/NoesisShooterGame/Content/Characters/Textures/Chr_FPS_N.uasset" 403
"F:/Projects/UE/NoesisShooterGame/Content/Environment/PhysicalMaterials/M_BodyDamage.uasset" 404
"F:/Projects/UE/NoesisShooterGame/Content/Characters/Materials/HeroTPP.uasset" 405
"F:/Projects/UE/NoesisShooterGame/Content/Characters/HeroFPP/HeroFPP.uasset" 406
"F:/Projects/UE/NoesisShooterGame/Content/Characters/HeroTPP/HeroTPP_Physics.uasset" 407
"F:/Projects/UE/NoesisShooterGame/Content/Characters/HeroTPP/HeroTPP.uasset" 408
"F:/Projects/UE/NoesisShooterGame/Content/Sounds/FoleyBodyMoves/Mono/FoleyBody_Aim_Cue.uasset" 409
"F:/Projects/UE/NoesisShooterGame/Content/Sounds/FoleyBodyMoves/Mono/Run01_Loop.uasset" 410
"F:/Projects/UE/NoesisShooterGame/Content/Sounds/FoleyBodyMoves/Mono/Run02_Loop.uasset" 411
"F:/Projects/UE/NoesisShooterGame/Content/Sounds/FoleyBodyMoves/Mono/Run03_Loop.uasset" 412
"F:/Projects/UE/NoesisShooterGame/Content/Sounds/FoleyBodyMoves/Mono/Run04_Loop.uasset" 413
"F:/Projects/UE/NoesisShooterGame/Content/Sounds/FoleyBodyMoves/Mono/Run05_Loop.uasset" 414
"F:/Projects/UE/NoesisShooterGame/Content/Sounds/FoleyBodyMoves/Mono/Run_Loop_Cue.uasset" 415
"F:/Projects/UE/NoesisShooterGame/Content/Sounds/FoleyBodyMoves/Mono/RunStop01.uasset" 416
"F:/Projects/UE/NoesisShooterGame/Content/Sounds/FoleyBodyMoves/Mono/RunStop02.uasset" 417
"F:/Projects/UE/NoesisShooterGame/Content/Sounds/FoleyBodyMoves/Mono/RunStop03.uasset" 418
"F:/Projects/UE/NoesisShooterGame/Content/Sounds/FoleyBodyMoves/Mono/RunStop_Cue.uasset" 419
"F:/Projects/UE/NoesisShooterGame/Content/Sounds/InterfaceAudio/Stereo/UI_LowHealth_Loop_Stereo.uasset" 420
"F:/Projects/UE/NoesisShooterGame/Content/Sounds/Stingers/Mono/Stinger_PlayerDeath01.uasset" 421
"F:/Projects/UE/NoesisShooterGame/Content/Sounds/InterfaceAudio/Stereo/UI_LowHealth_Loop_Stereo_Cue.uasset" 422
"F:/Projects/UE/NoesisShooterGame/Content/Sounds/Stingers/Stereo/Stinger_PlayerDeath01_Stereo.uasset" 423
"F:/Projects/UE/NoesisShooterGame/Content/Sounds/InterfaceAudio/Stereo/UI_PlayerRespawn_Stereo_Cue.uasset" 424
"F:/Projects/UE/NoesisShooterGame/Content/Sounds/Stingers/Stereo/Stinger_PlayerDeath02_Stereo.uasset" 425
"F:/Projects/UE/NoesisShooterGame/Content/Sounds/Stingers/Stereo/Stinger_PlayerDeath_Stereo_Cue.uasset" 426
"F:/Projects/UE/NoesisShooterGame/Content/Blueprints/Pawns/BotPawn.uasset" 427
"F:/Projects/UE/NoesisShooterGame/Content/Blueprints/Pawns/PlayerPawn.uasset" 428
"F:/Projects/UE/NoesisShooterGame/Content/UI/Chat/ChatLog_Icon_Star.uasset" 429
"F:/Projects/UE/NoesisShooterGame/Content/UI/HUD/HitIndicator.uasset" 430
"F:/Projects/UE/NoesisShooterGame/Content/UI/HUD/HUDAssets02.uasset" 431
"F:/Projects/UE/NoesisShooterGame/Content/UI/HUD/LowHealthOverlay.uasset" 432
"F:/Projects/UE/NoesisShooterGame/Content/UI/HUD/Roboto18.uasset" 433
"F:/Projects/UE/NoesisShooterGame/Content/UI/HUD/Roboto51.uasset" 434
"F:/Projects/UE/NoesisShooterGame/Content/UI/Menu/MenuItemBg.uasset" 435
"F:/Projects/UE/NoesisShooterGame/Content/UI/Styles/DefaultShooterButtonStyle.uasset" 436
"F:/Projects/UE/NoesisShooterGame/Content/UI/Chat/ChatBoxBacking.uasset" 437
"F:/Projects/UE/NoesisShooterGame/Content/UI/Chat/ChatBoxEntryBacking.uasset" 438
"F:/Projects/UE/NoesisShooterGame/Content/UI/Styles/DefaultShooterChatStyle.uasset" 439
"F:/Projects/UE/NoesisShooterGame/Content/UI/Menu/MenuArrowLeft.uasset" 440
"F:/Projects/UE/NoesisShooterGame/Content/UI/Menu/MenuArrowRight.uasset" 441
"F:/Projects/UE/NoesisShooterGame/Content/UI/Styles/DefaultShooterMenuItemStyle.uasset" 442
"F:/Projects/UE/NoesisShooterGame/Content/Sounds/InterfaceAudio/Stereo/MenuExit_Stereo.uasset" 443
"F:/Projects/UE/NoesisShooterGame/Content/Sounds/InterfaceAudio/Stereo/MenuExitStereo_Cue.uasset" 444
"F:/Projects/UE/NoesisShooterGame/Content/Sounds/InterfaceAudio/Stereo/MenuStart_Stereo.uasset" 445
"F:/Projects/UE/NoesisShooterGame/Content/Sounds/InterfaceAudio/Stereo/MenuStart_Stereo_Cue.uasset" 446
"F:/Projects/UE/NoesisShooterGame/Content/UI/Styles/DefaultShooterMenuSoundsStyle.uasset" 447
"F:/Projects/UE/NoesisShooterGame/Content/Sounds/InterfaceAudio/Stereo/MenuBack03_Stereo.uasset" 448
"F:/Projects/UE/NoesisShooterGame/Content/Sounds/InterfaceAudio/Stereo/MenuBack_Stereo_Cue.uasset" 449
"F:/Projects/UE/NoesisShooterGame/Content/Sounds/InterfaceAudio/Stereo/MenuCursor04_Stereo.uasset" 450
"F:/Projects/UE/NoesisShooterGame/Content/Sounds/InterfaceAudio/Stereo/MenuCursor_Sides_Stereo_Cue.uasset" 451
"F:/Projects/UE/NoesisShooterGame/Content/Sounds/InterfaceAudio/Stereo/MenuCursor02_Stereo.uasset" 452
"F:/Projects/UE/NoesisShooterGame/Content/Sounds/InterfaceAudio/Stereo/MenuCursor_UpDown_Stereo_Cue.uasset" 453
"F:/Projects/UE/NoesisShooterGame/Content/Sounds/InterfaceAudio/Stereo/MenuEnter03_Stereo.uasset" 454
"F:/Projects/UE/NoesisShooterGame/Content/Sounds/InterfaceAudio/Stereo/MenuEnter_Stereo_Cue.uasset" 455
"F:/Projects/UE/NoesisShooterGame/Content/UI/Menu/MenuBgLeft.uasset" 456
"F:/Projects/UE/NoesisShooterGame/Content/UI/Menu/MenuBgRight.uasset" 457
"F:/Projects/UE/NoesisShooterGame/Content/UI/Menu/MenuHeaderBg.uasset" 458
"F:/Projects/UE/NoesisShooterGame/Content/UI/Styles/DefaultShooterMenuStyle.uasset" 459
"F:/Projects/UE/NoesisShooterGame/Content/Sounds/InterfaceAudio/Stereo/MenuAccept_Stereo.uasset" 460
"F:/Projects/UE/NoesisShooterGame/Content/Sounds/InterfaceAudio/Stereo/MenuAccept_Stereo_Cue.uasset" 461
"F:/Projects/UE/NoesisShooterGame/Content/Sounds/InterfaceAudio/Stereo/MenuDiscard_Stereo.uasset" 462
"F:/Projects/UE/NoesisShooterGame/Content/Sounds/InterfaceAudio/Stereo/MenuDiscard_Stereo_Cue.uasset" 463
"F:/Projects/UE/NoesisShooterGame/Content/UI/Styles/DefaultShooterOptionsStyle.uasset" 464
"F:/Projects/UE/NoesisShooterGame/Content/UI/Styles/DefaultShooterScoreboardStyle.uasset" 465
"../../../Engine/Content/Animation/DefaultAnimCurveCompressionSettings.uasset" 466
"../../../Engine/Content/Functions/Engine_MaterialFunctions01/Opacity/CameraDepthFade.uasset" 467
"../../../Engine/Content/EngineMaterials/T_Default_Material_Grid_M.uasset" 468
"../../../Engine/Content/EngineMaterials/T_Default_Material_Grid_N.uasset" 469
"../../../Engine/Content/EngineMaterials/WorldGridMaterial.uasset" 470
"../../../Engine/Content/ArtTools/RenderToTexture/Meshes/S_1_Unit_Plane.uasset" 471
"../../../Engine/Content/EngineMaterials/DefaultMaterial.uasset" 472
"../../../Engine/Content/BasicShapes/Cone.uasset" 473
"../../../Engine/Content/BasicShapes/Cube.uasset" 474
"../../../Engine/Content/BasicShapes/Cylinder.uasset" 475
"../../../Engine/Content/BasicShapes/Plane.uasset" 476
"../../../Engine/Content/BasicShapes/Sphere.uasset" 477
"../../../Engine/Content/EditorLandscapeResources/DataLayer.uasset" 478
"../../../Engine/Content/EditorMaterials/GizmoMaterial.uasset" 479
"../../../Engine/Content/EditorMaterials/MAT_Groups_Toggle.uasset" 480
"../../../Engine/Content/EditorMaterials/MAT_Groups_Visibility.uasset" 481
"../../../Engine/Content/EditorMaterials/PreviewShadowIndicator.uasset" 482
"../../../Engine/Content/EditorMaterials/PreviewShadowIndicatorMaterial.uasset" 483
"../../../Engine/Content/EditorMaterials/MatineeGroups/MAT_ColorTrack.uasset" 484
"../../../Engine/Content/EditorMaterials/MatineeGroups/MAT_Groups_Anim.uasset" 485
"../../../Engine/Content/EditorMaterials/MatineeGroups/MAT_Groups_AudioMaster.uasset" 486
"../../../Engine/Content/EditorMaterials/MatineeGroups/MAT_Groups_Director.uasset" 487
"../../../Engine/Content/EditorMaterials/MatineeGroups/MAT_Groups_Event.uasset" 488
"../../../Engine/Content/EditorMaterials/MatineeGroups/MAT_Groups_Fade.uasset" 489
"../../../Engine/Content/EditorMaterials/MatineeGroups/MAT_Groups_Float.uasset" 490
"../../../Engine/Content/EditorMaterials/MatineeGroups/MAT_Groups_Move.uasset" 491
"../../../Engine/Content/EditorMaterials/MatineeGroups/MAT_Groups_Slomo.uasset" 492
"../../../Engine/Content/EditorMaterials/MatineeGroups/MAT_Groups_Sound.uasset" 493
"../../../Engine/Content/EditorMaterials/MatineeGroups/MAT_Groups_Vector.uasset" 494
"../../../Engine/Content/EditorMaterials/ParticleSystems/PSysThumbnail_NoImage.uasset" 495
"../../../Engine/Content/EditorMaterials/ParticleSystems/PSysThumbnail_OOD.uasset" 496
"../../../Engine/Content/EditorMaterials/Camera/CineMat.uasset" 497
"../../../Engine/Content/EditorMaterials/Camera/MI_CineMat_Rig.uasset" 498
"../../../Engine/Content/EditorMeshes/Camera/SM_CraneRig_Arm.uasset" 499
"../../../Engine/Content/EditorMeshes/Camera/SM_CraneRig_Base.uasset" 500
"../../../Engine/Content/EditorMeshes/Camera/SM_CraneRig_Body.uasset" 501
"../../../Engine/Content/EditorMeshes/Camera/SM_CraneRig_Mount.uasset" 502
"../../../Engine/Content/EditorMeshes/Camera/SM_RailRig_Mount.uasset" 503
"../../../Engine/Content/EditorMeshes/Camera/SM_RailRig_Track.uasset" 504
"../../../Engine/Content/EditorResources/BSPVertex.uasset" 505
"../../../Engine/Content/EditorResources/EmptyActor.uasset" 506
"../../../Engine/Content/EditorResources/S_Actor.uasset" 507
"../../../Engine/Content/EditorResources/S_Note.uasset" 508
"../../../Engine/Content/EditorResources/S_Trigger.uasset" 509
"../../../Engine/Content/EditorResources/AudioIcons/S_AudioComponent_AutoActivate.uasset" 510
"../../../Engine/Content/EditorResources/LightIcons/S_LightError.uasset" 511
"../../../Engine/Content/EditorResources/SequenceRecorder/Countdown.uasset" 512
"../../../Engine/Content/EditorResources/SequenceRecorder/RecordingIndicator.uasset" 513
"../../../Engine/Content/EditorSounds/Notifications/CompileFailed.uasset" 514
"../../../Engine/Content/EditorSounds/Notifications/CompileFailed_Cue.uasset" 515
"../../../Engine/Content/EditorSounds/Notifications/CompileSuccess.uasset" 516
"../../../Engine/Content/EditorSounds/Notifications/CompileStart_Cue.uasset" 517
"../../../Engine/Content/EditorSounds/Notifications/CompileSuccess_Cue.uasset" 518
"../../../Engine/Content/EngineDamageTypes/DmgTypeBP_Environmental.uasset" 519
"../../../Engine/Content/EngineDebugMaterials/HeatmapGradient.uasset" 520
"../../../Engine/Content/EngineDebugMaterials/BoneWeightMaterial.uasset" 521
"../../../Engine/Content/EngineDebugMaterials/ClothMaterial.uasset" 522
"../../../Engine/Content/EngineDebugMaterials/ClothMaterial_WF.uasset" 523
"../../../Engine/Content/EngineDebugMaterials/DebugEditorMaterial.uasset" 524
"../../../Engine/Content/EngineDebugMaterials/DebugMeshMaterial.uasset" 525
"../../../Engine/Content/EngineDebugMaterials/GeomMaterial.uasset" 526
"../../../Engine/Content/EngineDebugMaterials/M_SimpleTranslucent.uasset" 527
"../../../Engine/Content/EngineFonts/Faces/RobotoBold.uasset" 528
"../../../Engine/Content/EngineFonts/Faces/RobotoBoldItalic.uasset" 529
"../../../Engine/Content/EngineFonts/Faces/RobotoItalic.uasset" 530
"../../../Engine/Content/EngineFonts/Faces/RobotoLight.uasset" 531
"../../../Engine/Content/EngineFonts/Faces/RobotoRegular.uasset" 532
"../../../Engine/Content/EngineFonts/Roboto.uasset" 533
"../../../Engine/Content/EngineFonts/Faces/RobotoTiny.uasset" 534
"../../../Engine/Content/EngineFonts/RobotoTiny.uasset" 535
"../../../Engine/Content/EngineMaterials/BaseFlattenDiffuseMap.uasset" 536
"../../../Engine/Content/EngineMaterials/BaseFlattenEmissiveMap.uasset" 537
"../../../Engine/Content/EngineMaterials/BaseFlattenGrayscaleMap.uasset" 538
"../../../Engine/Content/EngineMaterials/BaseFlattenNormalMap.uasset" 539
"../../../Engine/Content/EngineMaterials/BaseFlattenMaterial.uasset" 540
"../../../Engine/Content/EngineMaterials/DefaultBloomKernel.uasset" 541
"../../../Engine/Content/EngineMaterials/DefaultBokeh.uasset" 542
"../../../Engine/Content/EngineMaterials/DefaultDiffuse.uasset" 543
"../../../Engine/Content/EngineMaterials/DefaultDeferredDecalMaterial.uasset" 544
"../../../Engine/Content/EngineMaterials/DefaultLightFunctionMaterial.uasset" 545
"../../../Engine/Content/Functions/Engine_MaterialFunctions02/Utility/BreakOutFloat2Components.uasset" 546
"../../../Engine/Content/EngineMaterials/DefaultPostProcessMaterial.uasset" 547
"../../../Engine/Content/EngineFonts/RobotoDistanceField.uasset" 548
"../../../Engine/Content/EngineMaterials/DefaultTextMaterialOpaque.uasset" 549
"../../../Engine/Content/EngineMaterials/DefaultWhiteGrid.uasset" 550
"../../../Engine/Content/EngineMaterials/EditorBrushMaterial.uasset" 551
"../../../Engine/Content/EngineMaterials/Good64x64TilingNoiseHighFreq.uasset" 552
"../../../Engine/Content/EngineMaterials/MiniFont.uasset" 553
"../../../Engine/Content/EngineMaterials/InvalidLightmapSettings.uasset" 554
"../../../Engine/Content/EngineMaterials/M_InvalidLightmapSettings.uasset" 555
"../../../Engine/Content/Functions/Engine_MaterialFunctions02/WorldPositionOffset/CameraOffset.uasset" 556
"../../../Engine/Content/EngineMaterials/PhAT_JointLimitMaterial.uasset" 557
"../../../Engine/Content/EngineMaterials/PreintegratedSkinBRDF.uasset" 558
"../../../Engine/Content/EngineMaterials/RemoveSurfaceMaterial.uasset" 559
"../../../Engine/Content/EngineMaterials/WeightMapPlaceholderTexture.uasset" 560
"../../../Engine/Content/EngineResources/WhiteSquareTexture.uasset" 561
"../../../Engine/Content/EngineMaterials/Widget3DPassThrough.uasset" 562
"../../../Engine/Content/EngineMaterials/Widget3DPassThrough_Masked.uasset" 563
"../../../Engine/Content/EngineMaterials/Widget3DPassThrough_Opaque.uasset" 564
"../../../Engine/Content/EngineMaterials/Widget3DPassThrough_Masked_OneSided.uasset" 565
"../../../Engine/Content/EngineMaterials/Widget3DPassThrough_Opaque_OneSided.uasset" 566
"../../../Engine/Content/EngineMaterials/Widget3DPassThrough_Translucent.uasset" 567
"../../../Engine/Content/EngineMaterials/Widget3DPassThrough_Translucent_OneSided.uasset" 568
"../../../Engine/Content/EngineMeshes/Cylinder.uasset" 569
"../../../Engine/Content/EngineMeshes/Sphere.uasset" 570
"../../../Engine/Content/EngineResources/Black.uasset" 571
"../../../Engine/Content/EngineResources/DefaultTexture.uasset" 572
"../../../Engine/Content/EngineResources/DefaultTextureCube.uasset" 573
"../../../Engine/Content/EngineResources/DefaultVolumeTexture2D.uasset" 574
"../../../Engine/Content/EngineResources/DefaultVolumeTexture.uasset" 575
"../../../Engine/Content/EngineResources/GradientTexture0.uasset" 576
"../../../Engine/Content/EngineSounds/Master.uasset" 577
"../../../Engine/Content/Functions/Engine_MaterialFunctions01/Shading/ConvertFromDiffSpec.uasset" 578
"../../../Engine/Content/Functions/Engine_MaterialFunctions01/Shading/PowerToRoughness.uasset" 579
"../../../Engine/Content/Maps/Templates/Thumbnails/Default.uasset" 580
"../../../Engine/Content/Maps/Templates/Thumbnails/VR-Basic.uasset" 581
"../../../Engine/Content/MobileResources/T_MobileControls_texture.uasset" 582
"../../../Engine/Content/MobileResources/T_MobileMenu2.uasset" 583
"../../../Engine/Content/MobileResources/HUD/AnalogHat.uasset" 584
"../../../Engine/Content/MobileResources/HUD/VirtualJoystick_Background.uasset" 585
"../../../Engine/Content/MobileResources/HUD/VirtualJoystick_Thumb.uasset" 586
"../../../Engine/Content/MobileResources/HUD/DefaultVirtualJoysticks.uasset" 587
"../../../Engine/Content/MobileResources/HUD/LeftVirtualJoystickOnly.uasset" 588
"../../../Engine/Content/MobileResources/HUD/MobileHUDButton1_off.uasset" 589
"../../../Engine/Content/MobileResources/HUD/MobileHUDButton1_on.uasset" 590
"../../../Engine/Content/MobileResources/HUD/MobileHUDButton2_off.uasset" 591
"../../../Engine/Content/MobileResources/HUD/MobileHUDButton2_on.uasset" 592
"../../../Engine/Content/MobileResources/HUD/MobileHUDButton3.uasset" 593
"../../../Engine/Content/MobileResources/HUD/MobileHUDButtonFire.uasset" 594
"../../../Engine/Content/MobileResources/HUD/MobileHUDDirectionPad.uasset" 595
"../../../Engine/Content/MobileResources/HUD/MobileHUDDirectionPad2.uasset" 596
"../../../Engine/Content/MobileResources/HUD/MobileHUDDirectionPad3.uasset" 597
"../../../Engine/Content/MobileResources/HUD/MobileHUDDirectionStick.uasset" 598
"../../../Engine/Content/MobileResources/HUD/T_Castle_ThumbstickInner.uasset" 599
"../../../Engine/Content/MobileResources/HUD/T_Castle_ThumbstickOutter.uasset" 600
"../../../Engine/Content/Tutorial/ContentIntroCurve.uasset" 601
"../../../Engine/Content/Tutorial/Basics/LevelEditorAttract.uasset" 602
"../../../Engine/Content/Tutorial/BlueprintTutorials/TutorialAssets/Blueprint_64x.uasset" 603
"../../../Engine/Content/Tutorial/BlueprintTutorials/BlueprintEditorTutorial.uasset" 604
"../../../Engine/Content/VREditor/LaserPointer/VR_LaserPower_01.uasset" 605
"../../../Engine/Content/VREditor/TransformGizmo/TransformGizmoMaterial.uasset" 606
"../../../Engine/Content/VREditor/TransformGizmo/TranslucentTransformGizmoMaterial.uasset" 607
"../../../Engine/Content/VREditor/TransformGizmo/BoundingBoxCorner.uasset" 608
"../../../Engine/Content/VREditor/TransformGizmo/BoundingBoxEdge.uasset" 609
"../../../Engine/Content/VREditor/TransformGizmo/PlaneTranslationHandle.uasset" 610
"../../../Engine/Content/VREditor/TransformGizmo/Main.uasset" 611
"../../../Engine/Content/VREditor/TransformGizmo/Xray.uasset" 612
"../../../Engine/Content/VREditor/TransformGizmo/SM_Sequencer_Key.uasset" 613
"../../../Engine/Content/VREditor/TransformGizmo/SM_Sequencer_Node.uasset" 614
"../../Plugins/2D/Paper2D/Content/PlaceholderTextures/DummySpriteTexture.uasset" 615
"../../Plugins/2D/Paper2D/Content/DummySprite.uasset" 616
"../../Plugins/2D/Paper2D/Content/DefaultPaperTerrainMaterial.uasset" 617
"../../Plugins/2D/Paper2D/Content/DummySpriteTexture.uasset" 618
"../../Plugins/2D/Paper2D/Content/DefaultSpriteMaterial.uasset" 619
"../../Plugins/2D/Paper2D/Content/MaskedUnlitSpriteMaterial.uasset" 620
"../../Plugins/2D/Paper2D/Content/OpaqueUnlitSpriteMaterial.uasset" 621
"F:/Projects/UE/NoesisShooterGame/Content/Effects/Materials/Gameplay/Pickups/M_PickUp_Master.uasset" 622
"F:/Projects/UE/NoesisShooterGame/Content/Effects/Meshes/Gameplay/Pickups/Ammo.uasset" 623
"F:/Projects/UE/NoesisShooterGame/Content/Effects/Meshes/General/S_Sphere.uasset" 624
"F:/Projects/UE/NoesisShooterGame/Content/Effects/ParticleSystems/Gameplay/Pick-ups/P_AssaultRifle_AMmo.uasset" 625
"F:/Projects/UE/NoesisShooterGame/Content/Sounds/Weapon_AssaultRifle/Mono/Weapon_AssaultRifle_AmmoPickup01.uasset" 626
"F:/Projects/UE/NoesisShooterGame/Content/Sounds/Weapon_AssaultRifle/Mono/Weapon_AssaultRifle_AmmoPickup02.uasset" 627
"F:/Projects/UE/NoesisShooterGame/Content/Sounds/Weapon_AssaultRifle/Mono/Weapon_AssaultRifle_AmmoPickup03.uasset" 628
"F:/Projects/UE/NoesisShooterGame/Content/Sounds/Weapon_AssaultRifle/Stereo/Weapon_AssaultRifle_AmmoPickup01_Stereo.uasset" 629
"F:/Projects/UE/NoesisShooterGame/Content/Sounds/Weapon_AssaultRifle/Stereo/Weapon_AssaultRifle_AmmoPickup02_Stereo.uasset" 630
"F:/Projects/UE/NoesisShooterGame/Content/Sounds/Weapon_AssaultRifle/Stereo/Weapon_AssaultRifle_AmmoPickup03_Stereo.uasset" 631
"F:/Projects/UE/NoesisShooterGame/Content/Sounds/Weapon_AssaultRifle/Mono/AssaultRifle_AmmoPickup_Cue.uasset" 632
"F:/Projects/UE/NoesisShooterGame/Content/Blueprints/Pickups/Pickup_AmmoGun.uasset" 633
"F:/Projects/UE/NoesisShooterGame/Content/Effects/Meshes/Gameplay/Pickups/Launcher.uasset" 634
"F:/Projects/UE/NoesisShooterGame/Content/Effects/ParticleSystems/Gameplay/Pick-ups/P_Launcher_Ammo.uasset" 635
"F:/Projects/UE/NoesisShooterGame/Content/Blueprints/Pickups/Pickup_AmmoLauncher.uasset" 636
"F:/Projects/UE/NoesisShooterGame/Content/Effects/Meshes/Gameplay/Pickups/SM_Health.uasset" 637
"F:/Projects/UE/NoesisShooterGame/Content/Effects/ParticleSystems/Gameplay/Pick-ups/P_Health.uasset" 638
"F:/Projects/UE/NoesisShooterGame/Content/Sounds/Stingers/Mono/StingerPickup_Health01.uasset" 639
"F:/Projects/UE/NoesisShooterGame/Content/Sounds/Stingers/Mono/StingerPickup_Health02.uasset" 640
"F:/Projects/UE/NoesisShooterGame/Content/Sounds/Stingers/Stereo/StingerPickup_Health01_Stereo.uasset" 641
"F:/Projects/UE/NoesisShooterGame/Content/Sounds/Stingers/Stereo/StingerPickup_Health02_Stereo.uasset" 642
"F:/Projects/UE/NoesisShooterGame/Content/Sounds/Stingers/Mono/StingerPickup_Health_Cue.uasset" 643
"F:/Projects/UE/NoesisShooterGame/Content/Blueprints/Pickups/Pickup_Health.uasset" 644
"F:/Projects/UE/NoesisShooterGame/Content/Maps/Sanctuary_BuiltData.uasset" 645
"F:/Projects/UE/NoesisShooterGame/Content/Environment/PhysicalMaterials/M_Concrete.uasset" 646
"F:/Projects/UE/NoesisShooterGame/Content/Environment/Textures/T_FFA_Floor_02_D.uasset" 647
"F:/Projects/UE/NoesisShooterGame/Content/Environment/Textures/T_FFA_Floor_02_M.uasset" 648
"F:/Projects/UE/NoesisShooterGame/Content/Environment/Textures/T_FFA_Floor_02_N.uasset" 649
"F:/Projects/UE/NoesisShooterGame/Content/Environment/Materials/M_FFA_Floor_02.uasset" 650
"F:/Projects/UE/NoesisShooterGame/Content/Environment/Materials/M_FFA_Floor_02_Dark.uasset" 651
"F:/Projects/UE/NoesisShooterGame/Content/Environment/Textures/T_FFA_Detail_01_N.uasset" 652
"F:/Projects/UE/NoesisShooterGame/Content/Environment/Textures/T_FFA_Wall_01_D.uasset" 653
"F:/Projects/UE/NoesisShooterGame/Content/Environment/Textures/T_FFA_Wall_01_M.uasset" 654
"F:/Projects/UE/NoesisShooterGame/Content/Environment/Textures/T_FFA_Wall_01_N.uasset" 655
"F:/Projects/UE/NoesisShooterGame/Content/Environment/Materials/M_FFA_Wall_01.uasset" 656
"F:/Projects/UE/NoesisShooterGame/Content/Environment/Textures/T_FFA_Wall_Dirt_01_D.uasset" 657
"F:/Projects/UE/NoesisShooterGame/Content/Environment/Materials/M_FFA_Wall_04.uasset" 658
"F:/Projects/UE/NoesisShooterGame/Content/Environment/Materials/M_FFA_Wall_04_Brighter.uasset" 659
"F:/Projects/UE/NoesisShooterGame/Content/Environment/Materials/M_FFA_Wall_04_Brighter_02.uasset" 660
"F:/Projects/UE/NoesisShooterGame/Content/Environment/Textures/T_FFA_Wall_03_D.uasset" 661
"F:/Projects/UE/NoesisShooterGame/Content/Environment/Textures/T_FFA_Wall_03_M.uasset" 662
"F:/Projects/UE/NoesisShooterGame/Content/Environment/Textures/T_FFA_Wall_03_N.uasset" 663
"F:/Projects/UE/NoesisShooterGame/Content/Environment/Materials/M_FFA_Wall_05.uasset" 664
"../../../Engine/Content/MapTemplates/TilingNoise05.uasset" 665
"F:/Projects/UE/NoesisShooterGame/Content/Environment/Materials/M_MASTER_Sky_Material_FFA_02.uasset" 666
"../../../Engine/Content/MaterialTemplates/Textures/T_Noise01.uasset" 667
"F:/Projects/UE/NoesisShooterGame/Content/Effects/Materials/Air/M_light_shaft.uasset" 668
"F:/Projects/UE/NoesisShooterGame/Content/Effects/Materials/Air/M_light_shaft_Inst.uasset" 669
"../../../Engine/Content/EditorMeshes/EditorPlane.uasset" 670
"../../../Engine/Content/MapTemplates/Bokeh_5Sides.uasset" 671
"../../../Engine/Content/MapTemplates/Sky/DaylightAmbientCubemap.uasset" 672
"../../../Engine/Content/MapTemplates/T_ScreenDirt02_w.uasset" 673
"F:/Projects/UE/NoesisShooterGame/Content/Effects/Textures/Air/T_cloud_1.uasset" 674
"F:/Projects/UE/NoesisShooterGame/Content/Effects/Textures/Air/T_soft_smoke.uasset" 675
"F:/Projects/UE/NoesisShooterGame/Content/Effects/Materials/Air/M_Cloud_1_particle.uasset" 676
"F:/Projects/UE/NoesisShooterGame/Content/Effects/Materials/Air/M_Cloud_1_particle_Inst.uasset" 677
"F:/Projects/UE/NoesisShooterGame/Content/Effects/ParticleSystems/Environment/P_clouds_1.uasset" 678
"F:/Projects/UE/NoesisShooterGame/Content/Effects/Textures/Air/T_cloud_2.uasset" 679
"F:/Projects/UE/NoesisShooterGame/Content/Effects/Materials/Air/M_Cloud_2_particle_Inst.uasset" 680
"F:/Projects/UE/NoesisShooterGame/Content/Effects/Materials/Air/M_Cloud_2_particle_Inst_2.uasset" 681
"F:/Projects/UE/NoesisShooterGame/Content/Effects/ParticleSystems/Environment/P_clouds_2.uasset" 682
"F:/Projects/UE/NoesisShooterGame/Content/Effects/ParticleSystems/Environment/P_clouds_2_brighter.uasset" 683
"F:/Projects/UE/NoesisShooterGame/Content/Effects/Textures/Water/T_Steam_subUV.uasset" 684
"F:/Projects/UE/NoesisShooterGame/Content/Effects/Materials/water/M_Steam_SubUV.uasset" 685
"F:/Projects/UE/NoesisShooterGame/Content/Effects/ParticleSystems/Environment/P_Steam_falling.uasset" 686
"F:/Projects/UE/NoesisShooterGame/Content/Effects/ParticleSystems/Environment/P_Steam_falling_line.uasset" 687
"F:/Projects/UE/NoesisShooterGame/Content/Environment/Materials/M_MASTER_Sky_Material_FFA.uasset" 688
"F:/Projects/UE/NoesisShooterGame/Content/Environment/Meshes/CloudPlane_01.uasset" 689
"F:/Projects/UE/NoesisShooterGame/Content/Environment/Textures/T_FFA_ConcreteWallPlate_01_D.uasset" 690
"F:/Projects/UE/NoesisShooterGame/Content/Environment/Textures/T_FFA_ConcreteWallPlate_01_N.uasset" 691
"F:/Projects/UE/NoesisShooterGame/Content/Environment/Materials/M_FFA_ConcreteWallPlate_01.uasset" 692
"F:/Projects/UE/NoesisShooterGame/Content/Environment/Meshes/FFA_BlockVista_01.uasset" 693
"F:/Projects/UE/NoesisShooterGame/Content/Environment/Textures/T_Sky_Clouds_D.uasset" 694
"F:/Projects/UE/NoesisShooterGame/Content/Environment/Materials/M_Cloud_2.uasset" 695
"F:/Projects/UE/NoesisShooterGame/Content/Environment/Meshes/SM_Sky_Clouds.uasset" 696
"F:/Projects/UE/NoesisShooterGame/Content/Environment/Textures/T_Skydome_01.uasset" 697
"F:/Projects/UE/NoesisShooterGame/Content/Environment/Materials/M_skydome_2.uasset" 698
"F:/Projects/UE/NoesisShooterGame/Content/Environment/Meshes/Vista_Meshes/SM_SkyDome.uasset" 699
"F:/Projects/UE/NoesisShooterGame/Content/Sounds/AmbientLoops/Mono/Wind_Abstract01.uasset" 700
"F:/Projects/UE/NoesisShooterGame/Content/Sounds/AmbientLoops/Mono/Wind_Abstract02.uasset" 701
"F:/Projects/UE/NoesisShooterGame/Content/Sounds/AmbientLoops/Mono/Wind_Abstract03.uasset" 702
"F:/Projects/UE/NoesisShooterGame/Content/Sounds/AmbientLoops/Mono/Wind_Abstract04.uasset" 703
"F:/Projects/UE/NoesisShooterGame/Content/Sounds/AmbientLoops/Mono/Wind_Abstract05.uasset" 704
"F:/Projects/UE/NoesisShooterGame/Content/Sounds/AmbientLoops/Mono/WindAnimated_Abstract_Cue.uasset" 705
"F:/Projects/UE/NoesisShooterGame/Content/Sounds/AmbientLoops/Stereo/RoomTone_Abstract01_Stereo.uasset" 706
"F:/Projects/UE/NoesisShooterGame/Content/Sounds/AmbientLoops/Stereo/RoomTone_AbstractBitcrushed01_Stereo.uasset" 707
"F:/Projects/UE/NoesisShooterGame/Content/Sounds/AmbientLoops/Stereo/RoomTone_AbstractAnimated01_Stereo_Cue.uasset" 708
"F:/Projects/UE/NoesisShooterGame/Content/Sounds/AmbientLoops/Stereo/RoomTone_Abstract02_Stereo.uasset" 709
"F:/Projects/UE/NoesisShooterGame/Content/Sounds/AmbientLoops/Stereo/RoomTone_AbstractBitcrushed02_Stereo.uasset" 710
"F:/Projects/UE/NoesisShooterGame/Content/Sounds/AmbientLoops/Stereo/RoomTone_AbstractAnimated02_Stereo_Cue.uasset" 711
"F:/Projects/UE/NoesisShooterGame/Content/Sounds/AmbientLoops/Stereo/RoomTone_Abstract03_Stereo.uasset" 712
"F:/Projects/UE/NoesisShooterGame/Content/Sounds/AmbientLoops/Stereo/RoomTone_AbstractBitcrushed03_Stereo.uasset" 713
"F:/Projects/UE/NoesisShooterGame/Content/Sounds/AmbientLoops/Stereo/RoomTone_AbstractAnimated03_Stereo_Cue.uasset" 714
"F:/Projects/UE/NoesisShooterGame/Content/Sounds/AmbientLoops/Stereo/RoomTone_Abstract04_Stereo.uasset" 715
"F:/Projects/UE/NoesisShooterGame/Content/Sounds/AmbientLoops/Stereo/RoomTone_AbstractBitcrushed04_Stereo.uasset" 716
"F:/Projects/UE/NoesisShooterGame/Content/Sounds/AmbientLoops/Stereo/RoomTone_AbstractAnimated04_Stereo_Cue.uasset" 717
"F:/Projects/UE/NoesisShooterGame/Content/Sounds/AmbientLoops/Stereo/RoomTone_Abstract05_Stereo.uasset" 718
"F:/Projects/UE/NoesisShooterGame/Content/Sounds/AmbientLoops/Stereo/RoomTone_AbstractBitcrushed05_Stereo.uasset" 719
"F:/Projects/UE/NoesisShooterGame/Content/Sounds/AmbientLoops/Stereo/RoomTone_AbstractAnimated05_Stereo_Cue.uasset" 720
"F:/Projects/UE/NoesisShooterGame/Content/Sounds/AmbientLoops/Stereo/Wind_Abstract01_Stereo.uasset" 721
"F:/Projects/UE/NoesisShooterGame/Content/Sounds/AmbientLoops/Stereo/Wind_Abstract02_Stereo.uasset" 722
"F:/Projects/UE/NoesisShooterGame/Content/Sounds/AmbientLoops/Stereo/Wind_Abstract03_Stereo.uasset" 723
"F:/Projects/UE/NoesisShooterGame/Content/Sounds/AmbientLoops/Stereo/Wind_Abstract04_Stereo.uasset" 724
"F:/Projects/UE/NoesisShooterGame/Content/Sounds/AmbientLoops/Stereo/Wind_Abstract05_Stereo.uasset" 725
"F:/Projects/UE/NoesisShooterGame/Content/Sounds/AmbientLoops/Stereo/Wind_AbstractAnimated_Stereo_Cue.uasset" 726
"F:/Projects/UE/NoesisShooterGame/Content/Sounds/AmbientNonLoops/Mono/MetalCreak_Pillars07.uasset" 727
"F:/Projects/UE/NoesisShooterGame/Content/Sounds/AmbientNonLoops/Mono/MetalCreak_Pillars08.uasset" 728
"F:/Projects/UE/NoesisShooterGame/Content/Sounds/AmbientNonLoops/Mono/MetalCreak_Pillars09.uasset" 729
"F:/Projects/UE/NoesisShooterGame/Content/Sounds/AmbientNonLoops/Mono/MetalCreak_Pillars10.uasset" 730
"F:/Projects/UE/NoesisShooterGame/Content/Sounds/AmbientNonLoops/Mono/MetalCreak_PIllar02_Cue.uasset" 731
"F:/Projects/UE/NoesisShooterGame/Content/Sounds/AmbientNonLoops/Mono/MetalCreak_Pillars06.uasset" 732
"F:/Projects/UE/NoesisShooterGame/Content/Sounds/AmbientNonLoops/Mono/MetalCreak_Pillars11.uasset" 733
"F:/Projects/UE/NoesisShooterGame/Content/Sounds/AmbientNonLoops/Mono/MetalCreak_Pillars12.uasset" 734
"F:/Projects/UE/NoesisShooterGame/Content/Sounds/AmbientNonLoops/Mono/MetalCreak_Pillars13.uasset" 735
"F:/Projects/UE/NoesisShooterGame/Content/Sounds/AmbientNonLoops/Mono/MetalCreak_Pillars14.uasset" 736
"F:/Projects/UE/NoesisShooterGame/Content/Sounds/AmbientNonLoops/Mono/MetalCreak_Pillars15.uasset" 737
"F:/Projects/UE/NoesisShooterGame/Content/Sounds/AmbientNonLoops/Mono/MetalCreak_PIllar03_Cue.uasset" 738
"F:/Projects/UE/NoesisShooterGame/Content/Sounds/AmbientNonLoops/Stereo/MetalCreak_Pillars01_Stereo.uasset" 739
"F:/Projects/UE/NoesisShooterGame/Content/Sounds/AmbientNonLoops/Stereo/MetalCreak_Pillars02_Stereo.uasset" 740
"F:/Projects/UE/NoesisShooterGame/Content/Sounds/AmbientNonLoops/Stereo/MetalCreak_Pillars03_Stereo.uasset" 741
"F:/Projects/UE/NoesisShooterGame/Content/Sounds/AmbientNonLoops/Stereo/MetalCreak_Pillars04_Stereo.uasset" 742
"F:/Projects/UE/NoesisShooterGame/Content/Sounds/AmbientNonLoops/Stereo/MetalCreak_Pillars05_Stereo.uasset" 743
"F:/Projects/UE/NoesisShooterGame/Content/Sounds/AmbientNonLoops/Stereo/MetalCreak_Pillars06_Stereo.uasset" 744
"F:/Projects/UE/NoesisShooterGame/Content/Maps/Sanctuary.umap" 745
"F:/Projects/UE/NoesisShooterGame/Content/MainMenu.uasset" 746
"F:/Projects/UE/NoesisShooterGame/Content/Noesis/ShooterMainMenuWidget.uasset" 747
"F:/Projects/UE/NoesisShooterGame/Content/Blueprints/Noesis/ShooterPlayerController_Menu_Noesis.uasset" 748
"F:/Projects/UE/NoesisShooterGame/Content/Blueprints/Noesis/ShooterGame_Menu_Noesis.uasset" 749
"F:/Projects/UE/NoesisShooterGame/Content/UI/Menu/LoadingScreen.uasset" 750
"F:/Projects/UE/NoesisShooterGame/Content/UI/Menu/LoadingScreen_Mat.uasset" 751
"F:/Projects/UE/NoesisShooterGame/Content/UI/MenuPlane.uasset" 752
"F:/Projects/UE/NoesisShooterGame/Content/Maps/ShooterEntry.umap" 753
